<?xml version="1.0" encoding="UTF-8"?>
<!-- Generated by org.testng.reporters.JUnitXMLReporter -->
<testsuite ignored="0" hostname="ES-Saleemullah" failures="0" tests="4" name="Test" time="20.476" errors="0" timestamp="2021-09-10T12:12:31 PKT">
  <testcase classname="com.login.LoginScenarios" name="LoginEmptyTest" time="3.465"/>
  <testcase classname="com.login.LoginScenarios" name="LoginTest" time="4.043"/>
  <testcase classname="com.login.LoginScenarios" name="LogoutTest" time="9.02"/>
  <testcase classname="com.login.LoginScenarios" name="WrongPasswordTest" time="3.507"/>
</testsuite> <!-- Test -->
